Build started 9.10.2014 12:03:24.
     1>Project "C:\Users\kat13sjussil\Desktop\Orbital-DefenseRemade\UtH-Engine-master\vs2013\Engine\Engine.vcxproj" on node 2 (Build target(s)).
     1>Lib:
         C:\Program Files (x86)\Microsoft Visual Studio 12.0\VC\bin\Lib.exe /OUT:"C:\Users\kat13sjussil\Desktop\Orbital-DefenseRemade\UtH-Engine-master\vs2013\..\Build\Win32\Debug\UtHEngine.lib" "Box2D-d.lib" freetype253_D.lib "freetype-gl-d.lib" /LIBPATH:"C:\Users\kat13sjussil\Desktop\Orbital-DefenseRemade\UtH-Engine-master\vs2013\..\ext\lib\freetype\lib\Win32" /LIBPATH:"C:\Users\kat13sjussil\Desktop\Orbital-DefenseRemade\UtH-Engine-master\vs2013\..\ext\lib\freetype-gl\lib\Win32" /LIBPATH:"C:\Users\kat13sjussil\Desktop\Orbital-DefenseRemade\UtH-Engine-master\vs2013\..\ext\lib\Box2D\lib\Win32" /NOLOGO "C:\Users\kat13sjussil\Desktop\Orbital-DefenseRemade\UtH-Engine-master\vs2013\Engine\Debug\AnimatedSprite.obj"
         "C:\Users\kat13sjussil\Desktop\Orbital-DefenseRemade\UtH-Engine-master\vs2013\Engine\Debug\Component.obj"
         "C:\Users\kat13sjussil\Desktop\Orbital-DefenseRemade\UtH-Engine-master\vs2013\Engine\Debug\DefaultScene.obj"
         "C:\Users\kat13sjussil\Desktop\Orbital-DefenseRemade\UtH-Engine-master\vs2013\Engine\Debug\GameObject.obj"
         "C:\Users\kat13sjussil\Desktop\Orbital-DefenseRemade\UtH-Engine-master\vs2013\Engine\Debug\Layer.obj"
         "C:\Users\kat13sjussil\Desktop\Orbital-DefenseRemade\UtH-Engine-master\vs2013\Engine\Debug\Affector.obj"
         "C:\Users\kat13sjussil\Desktop\Orbital-DefenseRemade\UtH-Engine-master\vs2013\Engine\Debug\ParticleSystem.obj"
         "C:\Users\kat13sjussil\Desktop\Orbital-DefenseRemade\UtH-Engine-master\vs2013\Engine\Debug\ParticleTemplate.obj"
         "C:\Users\kat13sjussil\Desktop\Orbital-DefenseRemade\UtH-Engine-master\vs2013\Engine\Debug\PhysicsContactListener.obj"
         "C:\Users\kat13sjussil\Desktop\Orbital-DefenseRemade\UtH-Engine-master\vs2013\Engine\Debug\PhysicsWorld.obj"
         "C:\Users\kat13sjussil\Desktop\Orbital-DefenseRemade\UtH-Engine-master\vs2013\Engine\Debug\Rigidbody.obj"
         "C:\Users\kat13sjussil\Desktop\Orbital-DefenseRemade\UtH-Engine-master\vs2013\Engine\Debug\Scene.obj"
         "C:\Users\kat13sjussil\Desktop\Orbital-DefenseRemade\UtH-Engine-master\vs2013\Engine\Debug\SceneManager.obj"
         "C:\Users\kat13sjussil\Desktop\Orbital-DefenseRemade\UtH-Engine-master\vs2013\Engine\Debug\Sprite.obj"
         "C:\Users\kat13sjussil\Desktop\Orbital-DefenseRemade\UtH-Engine-master\vs2013\Engine\Debug\SpriteBatch.obj"
         "C:\Users\kat13sjussil\Desktop\Orbital-DefenseRemade\UtH-Engine-master\vs2013\Engine\Debug\Text.obj"
         "C:\Users\kat13sjussil\Desktop\Orbital-DefenseRemade\UtH-Engine-master\vs2013\Engine\Debug\Object.obj"
         "C:\Users\kat13sjussil\Desktop\Orbital-DefenseRemade\UtH-Engine-master\vs2013\Engine\Debug\ObjectGroup.obj"
         "C:\Users\kat13sjussil\Desktop\Orbital-DefenseRemade\UtH-Engine-master\vs2013\Engine\Debug\TileHackBatch.obj"
         "C:\Users\kat13sjussil\Desktop\Orbital-DefenseRemade\UtH-Engine-master\vs2013\Engine\Debug\TileLayer.obj"
         "C:\Users\kat13sjussil\Desktop\Orbital-DefenseRemade\UtH-Engine-master\vs2013\Engine\Debug\Map.obj"
         "C:\Users\kat13sjussil\Desktop\Orbital-DefenseRemade\UtH-Engine-master\vs2013\Engine\Debug\Tile.obj"
         "C:\Users\kat13sjussil\Desktop\Orbital-DefenseRemade\UtH-Engine-master\vs2013\Engine\Debug\Tileset.obj"
         "C:\Users\kat13sjussil\Desktop\Orbital-DefenseRemade\UtH-Engine-master\vs2013\Engine\Debug\Transform.obj"
         "C:\Users\kat13sjussil\Desktop\Orbital-DefenseRemade\UtH-Engine-master\vs2013\Engine\Debug\Engine.obj"
         "C:\Users\kat13sjussil\Desktop\Orbital-DefenseRemade\UtH-Engine-master\vs2013\Audio\Debug\Debug\Audio.lib"
         "C:\Users\kat13sjussil\Desktop\Orbital-DefenseRemade\UtH-Engine-master\vs2013\Core\Debug\Debug\Core.lib"
         "C:\Users\kat13sjussil\Desktop\Orbital-DefenseRemade\UtH-Engine-master\vs2013\Platform\Debug\Debug\Platform.lib"
         "C:\Users\kat13sjussil\Desktop\Orbital-DefenseRemade\UtH-Engine-master\vs2013\Renderer\Debug\Debug\Renderer.lib"
         "C:\Users\kat13sjussil\Desktop\Orbital-DefenseRemade\UtH-Engine-master\vs2013\Resources\Debug\Debug\Resources.lib"
     1>Platform.lib(OPENGL32.dll) : warning LNK4006: __NULL_IMPORT_DESCRIPTOR already defined in Audio.lib(OpenAL32.dll); second definition ignored
     1>Platform.lib(OPENGL32.dll) : warning LNK4221: This object file does not define any previously undefined public symbols, so it will not be used by any link operation that consumes this library
     1>Resources.lib(libsndfile-1.dll) : warning LNK4006: __NULL_IMPORT_DESCRIPTOR already defined in Audio.lib(OpenAL32.dll); second definition ignored
     1>Resources.lib(libsndfile-1.dll) : warning LNK4221: This object file does not define any previously undefined public symbols, so it will not be used by any link operation that consumes this library
         Engine.vcxproj -> C:\Users\kat13sjussil\Desktop\Orbital-DefenseRemade\UtH-Engine-master\vs2013\..\Build\Win32\Debug\UtHEngine.lib
     1>Done Building Project "C:\Users\kat13sjussil\Desktop\Orbital-DefenseRemade\UtH-Engine-master\vs2013\Engine\Engine.vcxproj" (Build target(s)).

Build succeeded.

Time Elapsed 00:00:02.32
