Build started 19.9.2014 9:56:20.
     1>Project "C:\Users\tti12ssamut\Desktop\Repo\Orbital-DefenseRemade\UtH-EngineVS2013\VS2013\TemplateProject\TemplateProject.vcxproj" on node 2 (Build target(s)).
     1>ClCompile:
         C:\Program Files (x86)\Microsoft Visual Studio 12.0\VC\bin\CL.exe /c /I"C:\Users\tti12ssamut\Desktop\Repo\Orbital-DefenseRemade\UtH-EngineVS2013\VS2013\TemplateProject\../UtH/include" /ZI /nologo /W3 /WX- /Od /Oy- /D WIN32 /D _DEBUG /D _CONSOLE /D _LIB /D _UNICODE /D UNICODE /Gm /EHsc /RTC1 /MDd /GS /fp:precise /Zc:wchar_t /Zc:forScope /Fo"Debug\\" /Fd"Debug\vc120.pdb" /Gd /TP /analyze- /errorReport:prompt Turret.cpp
         Turret.cpp
     1>c:\users\tti12ssamut\desktop\repo\orbital-defenseremade\uth-enginevs2013\vs2013\templateproject\turret.cpp(53): warning C4244: 'argument' : conversion from 'const double' to 'float', possible loss of data
       Link:
         C:\Program Files (x86)\Microsoft Visual Studio 12.0\VC\bin\link.exe /ERRORREPORT:PROMPT /OUT:"C:\Users\tti12ssamut\Desktop\Repo\Orbital-DefenseRemade\UtH-EngineVS2013\VS2013\TemplateProject\Debug\TemplateProject.exe" /INCREMENTAL /NOLOGO /LIBPATH:"C:\Users\tti12ssamut\Desktop\Repo\Orbital-DefenseRemade\UtH-EngineVS2013\VS2013\TemplateProject\../UtH/lib/Win32/Debug" UtHEngine.lib kernel32.lib user32.lib gdi32.lib winspool.lib comdlg32.lib advapi32.lib shell32.lib ole32.lib oleaut32.lib uuid.lib odbc32.lib odbccp32.lib /MANIFEST /MANIFESTUAC:"level='asInvoker' uiAccess='false'" /manifest:embed /DEBUG /PDB:"C:\Users\tti12ssamut\Desktop\Repo\Orbital-DefenseRemade\UtH-EngineVS2013\VS2013\TemplateProject\Debug\TemplateProject.pdb" /SUBSYSTEM:CONSOLE /TLBID:1 /DYNAMICBASE /NXCOMPAT /IMPLIB:"C:\Users\tti12ssamut\Desktop\Repo\Orbital-DefenseRemade\UtH-EngineVS2013\VS2013\TemplateProject\Debug\TemplateProject.lib" /MACHINE:X86 Debug\Button.obj
         Debug\Enemy.obj
         Debug\main.obj
         Debug\TemplateScene.obj
         Debug\Turret.obj
         UtHEngine.lib(framing.obj) : MSIL .netmodule or module compiled with /GL found; restarting link with /LTCG; add /LTCG to the link command line to improve linker performance
     1>LINK : warning LNK4075: ignoring '/INCREMENTAL' due to '/LTCG' specification
     1>Button.obj : warning LNK4075: ignoring '/EDITANDCONTINUE' due to '/OPT:LBR' specification
            Creating library C:\Users\tti12ssamut\Desktop\Repo\Orbital-DefenseRemade\UtH-EngineVS2013\VS2013\TemplateProject\Debug\TemplateProject.lib and object C:\Users\tti12ssamut\Desktop\Repo\Orbital-DefenseRemade\UtH-EngineVS2013\VS2013\TemplateProject\Debug\TemplateProject.exp
     1>LINK : warning LNK4098: defaultlib 'MSVCRT' conflicts with use of other libs; use /NODEFAULTLIB:library
     1>LINK : warning LNK4098: defaultlib 'LIBCMT' conflicts with use of other libs; use /NODEFAULTLIB:library
         Generating code
         Finished generating code
     1>UtHEngine.lib(info.obj) : warning LNK4204: 'C:\Users\tti12ssamut\Desktop\Repo\Orbital-DefenseRemade\UtH-EngineVS2013\VS2013\TemplateProject\Debug\vc120.pdb' is missing debugging information for referencing module; linking object as if no debug info
     1>UtHEngine.lib(block.obj) : warning LNK4204: 'C:\Users\tti12ssamut\Desktop\Repo\Orbital-DefenseRemade\UtH-EngineVS2013\VS2013\TemplateProject\Debug\vc120.pdb' is missing debugging information for referencing module; linking object as if no debug info
     1>UtHEngine.lib(synthesis.obj) : warning LNK4204: 'C:\Users\tti12ssamut\Desktop\Repo\Orbital-DefenseRemade\UtH-EngineVS2013\VS2013\TemplateProject\Debug\vc120.pdb' is missing debugging information for referencing module; linking object as if no debug info
     1>UtHEngine.lib(registry.obj) : warning LNK4204: 'C:\Users\tti12ssamut\Desktop\Repo\Orbital-DefenseRemade\UtH-EngineVS2013\VS2013\TemplateProject\Debug\vc120.pdb' is missing debugging information for referencing module; linking object as if no debug info
     1>UtHEngine.lib(sharedbook.obj) : warning LNK4204: 'C:\Users\tti12ssamut\Desktop\Repo\Orbital-DefenseRemade\UtH-EngineVS2013\VS2013\TemplateProject\Debug\vc120.pdb' is missing debugging information for referencing module; linking object as if no debug info
     1>UtHEngine.lib(codebook.obj) : warning LNK4204: 'C:\Users\tti12ssamut\Desktop\Repo\Orbital-DefenseRemade\UtH-EngineVS2013\VS2013\TemplateProject\Debug\vc120.pdb' is missing debugging information for referencing module; linking object as if no debug info
     1>UtHEngine.lib(psy.obj) : warning LNK4204: 'C:\Users\tti12ssamut\Desktop\Repo\Orbital-DefenseRemade\UtH-EngineVS2013\VS2013\TemplateProject\Debug\vc120.pdb' is missing debugging information for referencing module; linking object as if no debug info
     1>UtHEngine.lib(smallft.obj) : warning LNK4204: 'C:\Users\tti12ssamut\Desktop\Repo\Orbital-DefenseRemade\UtH-EngineVS2013\VS2013\TemplateProject\Debug\vc120.pdb' is missing debugging information for referencing module; linking object as if no debug info
     1>UtHEngine.lib(envelope.obj) : warning LNK4204: 'C:\Users\tti12ssamut\Desktop\Repo\Orbital-DefenseRemade\UtH-EngineVS2013\VS2013\TemplateProject\Debug\vc120.pdb' is missing debugging information for referencing module; linking object as if no debug info
     1>UtHEngine.lib(mdct.obj) : warning LNK4204: 'C:\Users\tti12ssamut\Desktop\Repo\Orbital-DefenseRemade\UtH-EngineVS2013\VS2013\TemplateProject\Debug\vc120.pdb' is missing debugging information for referencing module; linking object as if no debug info
     1>UtHEngine.lib(bitrate.obj) : warning LNK4204: 'C:\Users\tti12ssamut\Desktop\Repo\Orbital-DefenseRemade\UtH-EngineVS2013\VS2013\TemplateProject\Debug\vc120.pdb' is missing debugging information for referencing module; linking object as if no debug info
     1>UtHEngine.lib(lpc.obj) : warning LNK4204: 'C:\Users\tti12ssamut\Desktop\Repo\Orbital-DefenseRemade\UtH-EngineVS2013\VS2013\TemplateProject\Debug\vc120.pdb' is missing debugging information for referencing module; linking object as if no debug info
     1>UtHEngine.lib(window.obj) : warning LNK4204: 'C:\Users\tti12ssamut\Desktop\Repo\Orbital-DefenseRemade\UtH-EngineVS2013\VS2013\TemplateProject\Debug\vc120.pdb' is missing debugging information for referencing module; linking object as if no debug info
     1>UtHEngine.lib(res0.obj) : warning LNK4204: 'C:\Users\tti12ssamut\Desktop\Repo\Orbital-DefenseRemade\UtH-EngineVS2013\VS2013\TemplateProject\Debug\vc120.pdb' is missing debugging information for referencing module; linking object as if no debug info
     1>UtHEngine.lib(mapping0.obj) : warning LNK4204: 'C:\Users\tti12ssamut\Desktop\Repo\Orbital-DefenseRemade\UtH-EngineVS2013\VS2013\TemplateProject\Debug\vc120.pdb' is missing debugging information for referencing module; linking object as if no debug info
     1>UtHEngine.lib(floor1.obj) : warning LNK4204: 'C:\Users\tti12ssamut\Desktop\Repo\Orbital-DefenseRemade\UtH-EngineVS2013\VS2013\TemplateProject\Debug\vc120.pdb' is missing debugging information for referencing module; linking object as if no debug info
     1>UtHEngine.lib(floor0.obj) : warning LNK4204: 'C:\Users\tti12ssamut\Desktop\Repo\Orbital-DefenseRemade\UtH-EngineVS2013\VS2013\TemplateProject\Debug\vc120.pdb' is missing debugging information for referencing module; linking object as if no debug info
     1>UtHEngine.lib(lsp.obj) : warning LNK4204: 'C:\Users\tti12ssamut\Desktop\Repo\Orbital-DefenseRemade\UtH-EngineVS2013\VS2013\TemplateProject\Debug\vc120.pdb' is missing debugging information for referencing module; linking object as if no debug info
     1>UtHEngine.lib(AnimatedSprite.obj) : warning LNK4204: 'C:\Users\tti12ssamut\Desktop\Repo\Orbital-DefenseRemade\UtH-EngineVS2013\VS2013\TemplateProject\Debug\vc120.pdb' is missing debugging information for referencing module; linking object as if no debug info
     1>UtHEngine.lib(Component.obj) : warning LNK4204: 'C:\Users\tti12ssamut\Desktop\Repo\Orbital-DefenseRemade\UtH-EngineVS2013\VS2013\TemplateProject\Debug\vc120.pdb' is missing debugging information for referencing module; linking object as if no debug info
     1>UtHEngine.lib(DefaultScene.obj) : warning LNK4204: 'C:\Users\tti12ssamut\Desktop\Repo\Orbital-DefenseRemade\UtH-EngineVS2013\VS2013\TemplateProject\Debug\vc120.pdb' is missing debugging information for referencing module; linking object as if no debug info
     1>UtHEngine.lib(GameObject.obj) : warning LNK4204: 'C:\Users\tti12ssamut\Desktop\Repo\Orbital-DefenseRemade\UtH-EngineVS2013\VS2013\TemplateProject\Debug\vc120.pdb' is missing debugging information for referencing module; linking object as if no debug info
     1>UtHEngine.lib(Layer.obj) : warning LNK4204: 'C:\Users\tti12ssamut\Desktop\Repo\Orbital-DefenseRemade\UtH-EngineVS2013\VS2013\TemplateProject\Debug\vc120.pdb' is missing debugging information for referencing module; linking object as if no debug info
     1>UtHEngine.lib(Scene.obj) : warning LNK4204: 'C:\Users\tti12ssamut\Desktop\Repo\Orbital-DefenseRemade\UtH-EngineVS2013\VS2013\TemplateProject\Debug\vc120.pdb' is missing debugging information for referencing module; linking object as if no debug info
     1>UtHEngine.lib(SceneManager.obj) : warning LNK4204: 'C:\Users\tti12ssamut\Desktop\Repo\Orbital-DefenseRemade\UtH-EngineVS2013\VS2013\TemplateProject\Debug\vc120.pdb' is missing debugging information for referencing module; linking object as if no debug info
     1>UtHEngine.lib(Sprite.obj) : warning LNK4204: 'C:\Users\tti12ssamut\Desktop\Repo\Orbital-DefenseRemade\UtH-EngineVS2013\VS2013\TemplateProject\Debug\vc120.pdb' is missing debugging information for referencing module; linking object as if no debug info
     1>UtHEngine.lib(Text.obj) : warning LNK4204: 'C:\Users\tti12ssamut\Desktop\Repo\Orbital-DefenseRemade\UtH-EngineVS2013\VS2013\TemplateProject\Debug\vc120.pdb' is missing debugging information for referencing module; linking object as if no debug info
     1>UtHEngine.lib(Transform.obj) : warning LNK4204: 'C:\Users\tti12ssamut\Desktop\Repo\Orbital-DefenseRemade\UtH-EngineVS2013\VS2013\TemplateProject\Debug\vc120.pdb' is missing debugging information for referencing module; linking object as if no debug info
     1>UtHEngine.lib(UtHEngine.obj) : warning LNK4204: 'C:\Users\tti12ssamut\Desktop\Repo\Orbital-DefenseRemade\UtH-EngineVS2013\VS2013\TemplateProject\Debug\vc120.pdb' is missing debugging information for referencing module; linking object as if no debug info
     1>UtHEngine.lib(vorbisfile.obj) : warning LNK4204: 'C:\Users\tti12ssamut\Desktop\Repo\Orbital-DefenseRemade\UtH-EngineVS2013\VS2013\TemplateProject\Debug\vc120.pdb' is missing debugging information for referencing module; linking object as if no debug info
     1>UtHEngine.lib(SoundBuffer.obj) : warning LNK4204: 'C:\Users\tti12ssamut\Desktop\Repo\Orbital-DefenseRemade\UtH-EngineVS2013\VS2013\TemplateProject\Debug\vc120.pdb' is missing debugging information for referencing module; linking object as if no debug info
     1>UtHEngine.lib(ResourceManager.obj) : warning LNK4204: 'C:\Users\tti12ssamut\Desktop\Repo\Orbital-DefenseRemade\UtH-EngineVS2013\VS2013\TemplateProject\Debug\vc120.pdb' is missing debugging information for referencing module; linking object as if no debug info
     1>UtHEngine.lib(Image.obj) : warning LNK4204: 'C:\Users\tti12ssamut\Desktop\Repo\Orbital-DefenseRemade\UtH-EngineVS2013\VS2013\TemplateProject\Debug\vc120.pdb' is missing debugging information for referencing module; linking object as if no debug info
     1>UtHEngine.lib(Font.obj) : warning LNK4204: 'C:\Users\tti12ssamut\Desktop\Repo\Orbital-DefenseRemade\UtH-EngineVS2013\VS2013\TemplateProject\Debug\vc120.pdb' is missing debugging information for referencing module; linking object as if no debug info
     1>UtHEngine.lib(Texture.obj) : warning LNK4204: 'C:\Users\tti12ssamut\Desktop\Repo\Orbital-DefenseRemade\UtH-EngineVS2013\VS2013\TemplateProject\Debug\vc120.pdb' is missing debugging information for referencing module; linking object as if no debug info
     1>UtHEngine.lib(RenderTarget.obj) : warning LNK4204: 'C:\Users\tti12ssamut\Desktop\Repo\Orbital-DefenseRemade\UtH-EngineVS2013\VS2013\TemplateProject\Debug\vc120.pdb' is missing debugging information for referencing module; linking object as if no debug info
     1>UtHEngine.lib(Camera.obj) : warning LNK4204: 'C:\Users\tti12ssamut\Desktop\Repo\Orbital-DefenseRemade\UtH-EngineVS2013\VS2013\TemplateProject\Debug\vc120.pdb' is missing debugging information for referencing module; linking object as if no debug info
     1>UtHEngine.lib(glew.obj) : warning LNK4099: PDB 'vc100.pdb' was not found with 'UtHEngine.lib(glew.obj)' or at 'C:\Users\tti12ssamut\Desktop\Repo\Orbital-DefenseRemade\UtH-EngineVS2013\VS2013\TemplateProject\Debug\vc100.pdb'; linking object as if no debug info
     1>UtHEngine.lib(Window.obj) : warning LNK4204: 'C:\Users\tti12ssamut\Desktop\Repo\Orbital-DefenseRemade\UtH-EngineVS2013\VS2013\TemplateProject\Debug\vc120.pdb' is missing debugging information for referencing module; linking object as if no debug info
     1>UtHEngine.lib(InputTouch.obj) : warning LNK4204: 'C:\Users\tti12ssamut\Desktop\Repo\Orbital-DefenseRemade\UtH-EngineVS2013\VS2013\TemplateProject\Debug\vc120.pdb' is missing debugging information for referencing module; linking object as if no debug info
     1>UtHEngine.lib(InputMouse.obj) : warning LNK4204: 'C:\Users\tti12ssamut\Desktop\Repo\Orbital-DefenseRemade\UtH-EngineVS2013\VS2013\TemplateProject\Debug\vc120.pdb' is missing debugging information for referencing module; linking object as if no debug info
     1>UtHEngine.lib(InputKeyboard.obj) : warning LNK4204: 'C:\Users\tti12ssamut\Desktop\Repo\Orbital-DefenseRemade\UtH-EngineVS2013\VS2013\TemplateProject\Debug\vc120.pdb' is missing debugging information for referencing module; linking object as if no debug info
     1>UtHEngine.lib(InputCommon.obj) : warning LNK4204: 'C:\Users\tti12ssamut\Desktop\Repo\Orbital-DefenseRemade\UtH-EngineVS2013\VS2013\TemplateProject\Debug\vc120.pdb' is missing debugging information for referencing module; linking object as if no debug info
     1>UtHEngine.lib(InputBase.obj) : warning LNK4204: 'C:\Users\tti12ssamut\Desktop\Repo\Orbital-DefenseRemade\UtH-EngineVS2013\VS2013\TemplateProject\Debug\vc120.pdb' is missing debugging information for referencing module; linking object as if no debug info
     1>UtHEngine.lib(OGLCheck.obj) : warning LNK4204: 'C:\Users\tti12ssamut\Desktop\Repo\Orbital-DefenseRemade\UtH-EngineVS2013\VS2013\TemplateProject\Debug\vc120.pdb' is missing debugging information for referencing module; linking object as if no debug info
     1>UtHEngine.lib(Input.obj) : warning LNK4204: 'C:\Users\tti12ssamut\Desktop\Repo\Orbital-DefenseRemade\UtH-EngineVS2013\VS2013\TemplateProject\Debug\vc120.pdb' is missing debugging information for referencing module; linking object as if no debug info
     1>UtHEngine.lib(HiResTimer.obj) : warning LNK4204: 'C:\Users\tti12ssamut\Desktop\Repo\Orbital-DefenseRemade\UtH-EngineVS2013\VS2013\TemplateProject\Debug\vc120.pdb' is missing debugging information for referencing module; linking object as if no debug info
     1>UtHEngine.lib(Graphics.obj) : warning LNK4204: 'C:\Users\tti12ssamut\Desktop\Repo\Orbital-DefenseRemade\UtH-EngineVS2013\VS2013\TemplateProject\Debug\vc120.pdb' is missing debugging information for referencing module; linking object as if no debug info
     1>UtHEngine.lib(Debug.obj) : warning LNK4204: 'C:\Users\tti12ssamut\Desktop\Repo\Orbital-DefenseRemade\UtH-EngineVS2013\VS2013\TemplateProject\Debug\vc120.pdb' is missing debugging information for referencing module; linking object as if no debug info
     1>UtHEngine.lib(InputSensor.obj) : warning LNK4204: 'C:\Users\tti12ssamut\Desktop\Repo\Orbital-DefenseRemade\UtH-EngineVS2013\VS2013\TemplateProject\Debug\vc120.pdb' is missing debugging information for referencing module; linking object as if no debug info
     1>UtHEngine.lib(FileReader.obj) : warning LNK4204: 'C:\Users\tti12ssamut\Desktop\Repo\Orbital-DefenseRemade\UtH-EngineVS2013\VS2013\TemplateProject\Debug\vc120.pdb' is missing debugging information for referencing module; linking object as if no debug info
     1>UtHEngine.lib(CommonWindowImpl.obj) : warning LNK4204: 'C:\Users\tti12ssamut\Desktop\Repo\Orbital-DefenseRemade\UtH-EngineVS2013\VS2013\TemplateProject\Debug\vc120.pdb' is missing debugging information for referencing module; linking object as if no debug info
     1>UtHEngine.lib(VertexBuffer.obj) : warning LNK4204: 'C:\Users\tti12ssamut\Desktop\Repo\Orbital-DefenseRemade\UtH-EngineVS2013\VS2013\TemplateProject\Debug\vc120.pdb' is missing debugging information for referencing module; linking object as if no debug info
     1>UtHEngine.lib(Shader.obj) : warning LNK4204: 'C:\Users\tti12ssamut\Desktop\Repo\Orbital-DefenseRemade\UtH-EngineVS2013\VS2013\TemplateProject\Debug\vc120.pdb' is missing debugging information for referencing module; linking object as if no debug info
     1>UtHEngine.lib(platform.obj) : warning LNK4099: PDB 'vc100.pdb' was not found with 'UtHEngine.lib(platform.obj)' or at 'C:\Users\tti12ssamut\Desktop\Repo\Orbital-DefenseRemade\UtH-EngineVS2013\VS2013\TemplateProject\Debug\vc100.pdb'; linking object as if no debug info
     1>UtHEngine.lib(vector.obj) : warning LNK4099: PDB 'vc100.pdb' was not found with 'UtHEngine.lib(vector.obj)' or at 'C:\Users\tti12ssamut\Desktop\Repo\Orbital-DefenseRemade\UtH-EngineVS2013\VS2013\TemplateProject\Debug\vc100.pdb'; linking object as if no debug info
     1>UtHEngine.lib(texture-font.obj) : warning LNK4099: PDB 'vc100.pdb' was not found with 'UtHEngine.lib(texture-font.obj)' or at 'C:\Users\tti12ssamut\Desktop\Repo\Orbital-DefenseRemade\UtH-EngineVS2013\VS2013\TemplateProject\Debug\vc100.pdb'; linking object as if no debug info
     1>UtHEngine.lib(texture-atlas.obj) : warning LNK4099: PDB 'vc100.pdb' was not found with 'UtHEngine.lib(texture-atlas.obj)' or at 'C:\Users\tti12ssamut\Desktop\Repo\Orbital-DefenseRemade\UtH-EngineVS2013\VS2013\TemplateProject\Debug\vc100.pdb'; linking object as if no debug info
     1>UtHEngine.lib(winfnt.obj) : warning LNK4099: PDB 'vc100.pdb' was not found with 'UtHEngine.lib(winfnt.obj)' or at 'C:\Users\tti12ssamut\Desktop\Repo\Orbital-DefenseRemade\UtH-EngineVS2013\VS2013\TemplateProject\Debug\vc100.pdb'; linking object as if no debug info
     1>UtHEngine.lib(type42.obj) : warning LNK4099: PDB 'vc100.pdb' was not found with 'UtHEngine.lib(type42.obj)' or at 'C:\Users\tti12ssamut\Desktop\Repo\Orbital-DefenseRemade\UtH-EngineVS2013\VS2013\TemplateProject\Debug\vc100.pdb'; linking object as if no debug info
     1>UtHEngine.lib(type1cid.obj) : warning LNK4099: PDB 'vc100.pdb' was not found with 'UtHEngine.lib(type1cid.obj)' or at 'C:\Users\tti12ssamut\Desktop\Repo\Orbital-DefenseRemade\UtH-EngineVS2013\VS2013\TemplateProject\Debug\vc100.pdb'; linking object as if no debug info
     1>UtHEngine.lib(type1.obj) : warning LNK4099: PDB 'vc100.pdb' was not found with 'UtHEngine.lib(type1.obj)' or at 'C:\Users\tti12ssamut\Desktop\Repo\Orbital-DefenseRemade\UtH-EngineVS2013\VS2013\TemplateProject\Debug\vc100.pdb'; linking object as if no debug info
     1>UtHEngine.lib(truetype.obj) : warning LNK4099: PDB 'vc100.pdb' was not found with 'UtHEngine.lib(truetype.obj)' or at 'C:\Users\tti12ssamut\Desktop\Repo\Orbital-DefenseRemade\UtH-EngineVS2013\VS2013\TemplateProject\Debug\vc100.pdb'; linking object as if no debug info
     1>UtHEngine.lib(sfnt.obj) : warning LNK4099: PDB 'vc100.pdb' was not found with 'UtHEngine.lib(sfnt.obj)' or at 'C:\Users\tti12ssamut\Desktop\Repo\Orbital-DefenseRemade\UtH-EngineVS2013\VS2013\TemplateProject\Debug\vc100.pdb'; linking object as if no debug info
     1>UtHEngine.lib(raster.obj) : warning LNK4099: PDB 'vc100.pdb' was not found with 'UtHEngine.lib(raster.obj)' or at 'C:\Users\tti12ssamut\Desktop\Repo\Orbital-DefenseRemade\UtH-EngineVS2013\VS2013\TemplateProject\Debug\vc100.pdb'; linking object as if no debug info
     1>UtHEngine.lib(psmodule.obj) : warning LNK4099: PDB 'vc100.pdb' was not found with 'UtHEngine.lib(psmodule.obj)' or at 'C:\Users\tti12ssamut\Desktop\Repo\Orbital-DefenseRemade\UtH-EngineVS2013\VS2013\TemplateProject\Debug\vc100.pdb'; linking object as if no debug info
     1>UtHEngine.lib(pshinter.obj) : warning LNK4099: PDB 'vc100.pdb' was not found with 'UtHEngine.lib(pshinter.obj)' or at 'C:\Users\tti12ssamut\Desktop\Repo\Orbital-DefenseRemade\UtH-EngineVS2013\VS2013\TemplateProject\Debug\vc100.pdb'; linking object as if no debug info
     1>UtHEngine.lib(psaux.obj) : warning LNK4099: PDB 'vc100.pdb' was not found with 'UtHEngine.lib(psaux.obj)' or at 'C:\Users\tti12ssamut\Desktop\Repo\Orbital-DefenseRemade\UtH-EngineVS2013\VS2013\TemplateProject\Debug\vc100.pdb'; linking object as if no debug info
     1>UtHEngine.lib(pfr.obj) : warning LNK4099: PDB 'vc100.pdb' was not found with 'UtHEngine.lib(pfr.obj)' or at 'C:\Users\tti12ssamut\Desktop\Repo\Orbital-DefenseRemade\UtH-EngineVS2013\VS2013\TemplateProject\Debug\vc100.pdb'; linking object as if no debug info
     1>UtHEngine.lib(pcf.obj) : warning LNK4099: PDB 'vc100.pdb' was not found with 'UtHEngine.lib(pcf.obj)' or at 'C:\Users\tti12ssamut\Desktop\Repo\Orbital-DefenseRemade\UtH-EngineVS2013\VS2013\TemplateProject\Debug\vc100.pdb'; linking object as if no debug info
     1>UtHEngine.lib(ftlcdfil.obj) : warning LNK4099: PDB 'vc100.pdb' was not found with 'UtHEngine.lib(ftlcdfil.obj)' or at 'C:\Users\tti12ssamut\Desktop\Repo\Orbital-DefenseRemade\UtH-EngineVS2013\VS2013\TemplateProject\Debug\vc100.pdb'; linking object as if no debug info
     1>UtHEngine.lib(smooth.obj) : warning LNK4099: PDB 'vc100.pdb' was not found with 'UtHEngine.lib(smooth.obj)' or at 'C:\Users\tti12ssamut\Desktop\Repo\Orbital-DefenseRemade\UtH-EngineVS2013\VS2013\TemplateProject\Debug\vc100.pdb'; linking object as if no debug info
     1>UtHEngine.lib(ftsystem.obj) : warning LNK4099: PDB 'vc100.pdb' was not found with 'UtHEngine.lib(ftsystem.obj)' or at 'C:\Users\tti12ssamut\Desktop\Repo\Orbital-DefenseRemade\UtH-EngineVS2013\VS2013\TemplateProject\Debug\vc100.pdb'; linking object as if no debug info
     1>UtHEngine.lib(ftstroke.obj) : warning LNK4099: PDB 'vc100.pdb' was not found with 'UtHEngine.lib(ftstroke.obj)' or at 'C:\Users\tti12ssamut\Desktop\Repo\Orbital-DefenseRemade\UtH-EngineVS2013\VS2013\TemplateProject\Debug\vc100.pdb'; linking object as if no debug info
     1>UtHEngine.lib(ftlzw.obj) : warning LNK4099: PDB 'vc100.pdb' was not found with 'UtHEngine.lib(ftlzw.obj)' or at 'C:\Users\tti12ssamut\Desktop\Repo\Orbital-DefenseRemade\UtH-EngineVS2013\VS2013\TemplateProject\Debug\vc100.pdb'; linking object as if no debug info
     1>UtHEngine.lib(ftinit.obj) : warning LNK4099: PDB 'vc100.pdb' was not found with 'UtHEngine.lib(ftinit.obj)' or at 'C:\Users\tti12ssamut\Desktop\Repo\Orbital-DefenseRemade\UtH-EngineVS2013\VS2013\TemplateProject\Debug\vc100.pdb'; linking object as if no debug info
     1>UtHEngine.lib(ftgzip.obj) : warning LNK4099: PDB 'vc100.pdb' was not found with 'UtHEngine.lib(ftgzip.obj)' or at 'C:\Users\tti12ssamut\Desktop\Repo\Orbital-DefenseRemade\UtH-EngineVS2013\VS2013\TemplateProject\Debug\vc100.pdb'; linking object as if no debug info
     1>UtHEngine.lib(ftglyph.obj) : warning LNK4099: PDB 'vc100.pdb' was not found with 'UtHEngine.lib(ftglyph.obj)' or at 'C:\Users\tti12ssamut\Desktop\Repo\Orbital-DefenseRemade\UtH-EngineVS2013\VS2013\TemplateProject\Debug\vc100.pdb'; linking object as if no debug info
     1>UtHEngine.lib(ftdebug.obj) : warning LNK4099: PDB 'vc100.pdb' was not found with 'UtHEngine.lib(ftdebug.obj)' or at 'C:\Users\tti12ssamut\Desktop\Repo\Orbital-DefenseRemade\UtH-EngineVS2013\VS2013\TemplateProject\Debug\vc100.pdb'; linking object as if no debug info
     1>UtHEngine.lib(ftbitmap.obj) : warning LNK4099: PDB 'vc100.pdb' was not found with 'UtHEngine.lib(ftbitmap.obj)' or at 'C:\Users\tti12ssamut\Desktop\Repo\Orbital-DefenseRemade\UtH-EngineVS2013\VS2013\TemplateProject\Debug\vc100.pdb'; linking object as if no debug info
     1>UtHEngine.lib(ftbase.obj) : warning LNK4099: PDB 'vc100.pdb' was not found with 'UtHEngine.lib(ftbase.obj)' or at 'C:\Users\tti12ssamut\Desktop\Repo\Orbital-DefenseRemade\UtH-EngineVS2013\VS2013\TemplateProject\Debug\vc100.pdb'; linking object as if no debug info
     1>UtHEngine.lib(cff.obj) : warning LNK4099: PDB 'vc100.pdb' was not found with 'UtHEngine.lib(cff.obj)' or at 'C:\Users\tti12ssamut\Desktop\Repo\Orbital-DefenseRemade\UtH-EngineVS2013\VS2013\TemplateProject\Debug\vc100.pdb'; linking object as if no debug info
     1>UtHEngine.lib(bdf.obj) : warning LNK4099: PDB 'vc100.pdb' was not found with 'UtHEngine.lib(bdf.obj)' or at 'C:\Users\tti12ssamut\Desktop\Repo\Orbital-DefenseRemade\UtH-EngineVS2013\VS2013\TemplateProject\Debug\vc100.pdb'; linking object as if no debug info
     1>UtHEngine.lib(autofit.obj) : warning LNK4099: PDB 'vc100.pdb' was not found with 'UtHEngine.lib(autofit.obj)' or at 'C:\Users\tti12ssamut\Desktop\Repo\Orbital-DefenseRemade\UtH-EngineVS2013\VS2013\TemplateProject\Debug\vc100.pdb'; linking object as if no debug info
     1>UtHEngine.lib(b2TimeOfImpact.obj) : warning LNK4204: 'C:\Users\tti12ssamut\Desktop\Repo\Orbital-DefenseRemade\UtH-EngineVS2013\VS2013\TemplateProject\Debug\vc120.pdb' is missing debugging information for referencing module; linking object as if no debug info
     1>UtHEngine.lib(b2DynamicTree.obj) : warning LNK4204: 'C:\Users\tti12ssamut\Desktop\Repo\Orbital-DefenseRemade\UtH-EngineVS2013\VS2013\TemplateProject\Debug\vc120.pdb' is missing debugging information for referencing module; linking object as if no debug info
     1>UtHEngine.lib(b2Distance.obj) : warning LNK4204: 'C:\Users\tti12ssamut\Desktop\Repo\Orbital-DefenseRemade\UtH-EngineVS2013\VS2013\TemplateProject\Debug\vc120.pdb' is missing debugging information for referencing module; linking object as if no debug info
     1>UtHEngine.lib(b2Collision.obj) : warning LNK4204: 'C:\Users\tti12ssamut\Desktop\Repo\Orbital-DefenseRemade\UtH-EngineVS2013\VS2013\TemplateProject\Debug\vc120.pdb' is missing debugging information for referencing module; linking object as if no debug info
     1>UtHEngine.lib(b2CollidePolygon.obj) : warning LNK4204: 'C:\Users\tti12ssamut\Desktop\Repo\Orbital-DefenseRemade\UtH-EngineVS2013\VS2013\TemplateProject\Debug\vc120.pdb' is missing debugging information for referencing module; linking object as if no debug info
     1>UtHEngine.lib(b2CollideEdge.obj) : warning LNK4204: 'C:\Users\tti12ssamut\Desktop\Repo\Orbital-DefenseRemade\UtH-EngineVS2013\VS2013\TemplateProject\Debug\vc120.pdb' is missing debugging information for referencing module; linking object as if no debug info
     1>UtHEngine.lib(b2CollideCircle.obj) : warning LNK4204: 'C:\Users\tti12ssamut\Desktop\Repo\Orbital-DefenseRemade\UtH-EngineVS2013\VS2013\TemplateProject\Debug\vc120.pdb' is missing debugging information for referencing module; linking object as if no debug info
     1>UtHEngine.lib(b2BroadPhase.obj) : warning LNK4204: 'C:\Users\tti12ssamut\Desktop\Repo\Orbital-DefenseRemade\UtH-EngineVS2013\VS2013\TemplateProject\Debug\vc120.pdb' is missing debugging information for referencing module; linking object as if no debug info
     1>UtHEngine.lib(b2ChainShape.obj) : warning LNK4204: 'C:\Users\tti12ssamut\Desktop\Repo\Orbital-DefenseRemade\UtH-EngineVS2013\VS2013\TemplateProject\Debug\vc120.pdb' is missing debugging information for referencing module; linking object as if no debug info
     1>UtHEngine.lib(b2EdgeShape.obj) : warning LNK4204: 'C:\Users\tti12ssamut\Desktop\Repo\Orbital-DefenseRemade\UtH-EngineVS2013\VS2013\TemplateProject\Debug\vc120.pdb' is missing debugging information for referencing module; linking object as if no debug info
     1>UtHEngine.lib(b2Timer.obj) : warning LNK4204: 'C:\Users\tti12ssamut\Desktop\Repo\Orbital-DefenseRemade\UtH-EngineVS2013\VS2013\TemplateProject\Debug\vc120.pdb' is missing debugging information for referencing module; linking object as if no debug info
     1>UtHEngine.lib(b2StackAllocator.obj) : warning LNK4204: 'C:\Users\tti12ssamut\Desktop\Repo\Orbital-DefenseRemade\UtH-EngineVS2013\VS2013\TemplateProject\Debug\vc120.pdb' is missing debugging information for referencing module; linking object as if no debug info
     1>UtHEngine.lib(b2Settings.obj) : warning LNK4204: 'C:\Users\tti12ssamut\Desktop\Repo\Orbital-DefenseRemade\UtH-EngineVS2013\VS2013\TemplateProject\Debug\vc120.pdb' is missing debugging information for referencing module; linking object as if no debug info
     1>UtHEngine.lib(b2Math.obj) : warning LNK4204: 'C:\Users\tti12ssamut\Desktop\Repo\Orbital-DefenseRemade\UtH-EngineVS2013\VS2013\TemplateProject\Debug\vc120.pdb' is missing debugging information for referencing module; linking object as if no debug info
     1>UtHEngine.lib(b2Draw.obj) : warning LNK4204: 'C:\Users\tti12ssamut\Desktop\Repo\Orbital-DefenseRemade\UtH-EngineVS2013\VS2013\TemplateProject\Debug\vc120.pdb' is missing debugging information for referencing module; linking object as if no debug info
     1>UtHEngine.lib(b2BlockAllocator.obj) : warning LNK4204: 'C:\Users\tti12ssamut\Desktop\Repo\Orbital-DefenseRemade\UtH-EngineVS2013\VS2013\TemplateProject\Debug\vc120.pdb' is missing debugging information for referencing module; linking object as if no debug info
     1>UtHEngine.lib(b2WorldCallbacks.obj) : warning LNK4204: 'C:\Users\tti12ssamut\Desktop\Repo\Orbital-DefenseRemade\UtH-EngineVS2013\VS2013\TemplateProject\Debug\vc120.pdb' is missing debugging information for referencing module; linking object as if no debug info
     1>UtHEngine.lib(b2World.obj) : warning LNK4204: 'C:\Users\tti12ssamut\Desktop\Repo\Orbital-DefenseRemade\UtH-EngineVS2013\VS2013\TemplateProject\Debug\vc120.pdb' is missing debugging information for referencing module; linking object as if no debug info
     1>UtHEngine.lib(b2Island.obj) : warning LNK4204: 'C:\Users\tti12ssamut\Desktop\Repo\Orbital-DefenseRemade\UtH-EngineVS2013\VS2013\TemplateProject\Debug\vc120.pdb' is missing debugging information for referencing module; linking object as if no debug info
     1>UtHEngine.lib(b2Fixture.obj) : warning LNK4204: 'C:\Users\tti12ssamut\Desktop\Repo\Orbital-DefenseRemade\UtH-EngineVS2013\VS2013\TemplateProject\Debug\vc120.pdb' is missing debugging information for referencing module; linking object as if no debug info
     1>UtHEngine.lib(b2ContactManager.obj) : warning LNK4204: 'C:\Users\tti12ssamut\Desktop\Repo\Orbital-DefenseRemade\UtH-EngineVS2013\VS2013\TemplateProject\Debug\vc120.pdb' is missing debugging information for referencing module; linking object as if no debug info
     1>UtHEngine.lib(b2Body.obj) : warning LNK4204: 'C:\Users\tti12ssamut\Desktop\Repo\Orbital-DefenseRemade\UtH-EngineVS2013\VS2013\TemplateProject\Debug\vc120.pdb' is missing debugging information for referencing module; linking object as if no debug info
     1>UtHEngine.lib(b2PolygonContact.obj) : warning LNK4204: 'C:\Users\tti12ssamut\Desktop\Repo\Orbital-DefenseRemade\UtH-EngineVS2013\VS2013\TemplateProject\Debug\vc120.pdb' is missing debugging information for referencing module; linking object as if no debug info
     1>UtHEngine.lib(b2ChainAndPolygonContact.obj) : warning LNK4204: 'C:\Users\tti12ssamut\Desktop\Repo\Orbital-DefenseRemade\UtH-EngineVS2013\VS2013\TemplateProject\Debug\vc120.pdb' is missing debugging information for referencing module; linking object as if no debug info
     1>UtHEngine.lib(b2ChainAndCircleContact.obj) : warning LNK4204: 'C:\Users\tti12ssamut\Desktop\Repo\Orbital-DefenseRemade\UtH-EngineVS2013\VS2013\TemplateProject\Debug\vc120.pdb' is missing debugging information for referencing module; linking object as if no debug info
     1>UtHEngine.lib(b2EdgeAndPolygonContact.obj) : warning LNK4204: 'C:\Users\tti12ssamut\Desktop\Repo\Orbital-DefenseRemade\UtH-EngineVS2013\VS2013\TemplateProject\Debug\vc120.pdb' is missing debugging information for referencing module; linking object as if no debug info
     1>UtHEngine.lib(b2EdgeAndCircleContact.obj) : warning LNK4204: 'C:\Users\tti12ssamut\Desktop\Repo\Orbital-DefenseRemade\UtH-EngineVS2013\VS2013\TemplateProject\Debug\vc120.pdb' is missing debugging information for referencing module; linking object as if no debug info
     1>UtHEngine.lib(b2PolygonAndCircleContact.obj) : warning LNK4204: 'C:\Users\tti12ssamut\Desktop\Repo\Orbital-DefenseRemade\UtH-EngineVS2013\VS2013\TemplateProject\Debug\vc120.pdb' is missing debugging information for referencing module; linking object as if no debug info
     1>UtHEngine.lib(b2ContactSolver.obj) : warning LNK4204: 'C:\Users\tti12ssamut\Desktop\Repo\Orbital-DefenseRemade\UtH-EngineVS2013\VS2013\TemplateProject\Debug\vc120.pdb' is missing debugging information for referencing module; linking object as if no debug info
     1>UtHEngine.lib(b2Contact.obj) : warning LNK4204: 'C:\Users\tti12ssamut\Desktop\Repo\Orbital-DefenseRemade\UtH-EngineVS2013\VS2013\TemplateProject\Debug\vc120.pdb' is missing debugging information for referencing module; linking object as if no debug info
     1>UtHEngine.lib(b2CircleContact.obj) : warning LNK4204: 'C:\Users\tti12ssamut\Desktop\Repo\Orbital-DefenseRemade\UtH-EngineVS2013\VS2013\TemplateProject\Debug\vc120.pdb' is missing debugging information for referencing module; linking object as if no debug info
     1>UtHEngine.lib(b2WheelJoint.obj) : warning LNK4204: 'C:\Users\tti12ssamut\Desktop\Repo\Orbital-DefenseRemade\UtH-EngineVS2013\VS2013\TemplateProject\Debug\vc120.pdb' is missing debugging information for referencing module; linking object as if no debug info
     1>UtHEngine.lib(b2WeldJoint.obj) : warning LNK4204: 'C:\Users\tti12ssamut\Desktop\Repo\Orbital-DefenseRemade\UtH-EngineVS2013\VS2013\TemplateProject\Debug\vc120.pdb' is missing debugging information for referencing module; linking object as if no debug info
     1>UtHEngine.lib(b2RopeJoint.obj) : warning LNK4204: 'C:\Users\tti12ssamut\Desktop\Repo\Orbital-DefenseRemade\UtH-EngineVS2013\VS2013\TemplateProject\Debug\vc120.pdb' is missing debugging information for referencing module; linking object as if no debug info
     1>UtHEngine.lib(b2RevoluteJoint.obj) : warning LNK4204: 'C:\Users\tti12ssamut\Desktop\Repo\Orbital-DefenseRemade\UtH-EngineVS2013\VS2013\TemplateProject\Debug\vc120.pdb' is missing debugging information for referencing module; linking object as if no debug info
     1>UtHEngine.lib(b2PulleyJoint.obj) : warning LNK4204: 'C:\Users\tti12ssamut\Desktop\Repo\Orbital-DefenseRemade\UtH-EngineVS2013\VS2013\TemplateProject\Debug\vc120.pdb' is missing debugging information for referencing module; linking object as if no debug info
     1>UtHEngine.lib(b2PrismaticJoint.obj) : warning LNK4204: 'C:\Users\tti12ssamut\Desktop\Repo\Orbital-DefenseRemade\UtH-EngineVS2013\VS2013\TemplateProject\Debug\vc120.pdb' is missing debugging information for referencing module; linking object as if no debug info
     1>UtHEngine.lib(b2MouseJoint.obj) : warning LNK4204: 'C:\Users\tti12ssamut\Desktop\Repo\Orbital-DefenseRemade\UtH-EngineVS2013\VS2013\TemplateProject\Debug\vc120.pdb' is missing debugging information for referencing module; linking object as if no debug info
     1>UtHEngine.lib(b2MotorJoint.obj) : warning LNK4204: 'C:\Users\tti12ssamut\Desktop\Repo\Orbital-DefenseRemade\UtH-EngineVS2013\VS2013\TemplateProject\Debug\vc120.pdb' is missing debugging information for referencing module; linking object as if no debug info
     1>UtHEngine.lib(b2Joint.obj) : warning LNK4204: 'C:\Users\tti12ssamut\Desktop\Repo\Orbital-DefenseRemade\UtH-EngineVS2013\VS2013\TemplateProject\Debug\vc120.pdb' is missing debugging information for referencing module; linking object as if no debug info
     1>UtHEngine.lib(b2GearJoint.obj) : warning LNK4204: 'C:\Users\tti12ssamut\Desktop\Repo\Orbital-DefenseRemade\UtH-EngineVS2013\VS2013\TemplateProject\Debug\vc120.pdb' is missing debugging information for referencing module; linking object as if no debug info
     1>UtHEngine.lib(b2FrictionJoint.obj) : warning LNK4204: 'C:\Users\tti12ssamut\Desktop\Repo\Orbital-DefenseRemade\UtH-EngineVS2013\VS2013\TemplateProject\Debug\vc120.pdb' is missing debugging information for referencing module; linking object as if no debug info
     1>UtHEngine.lib(b2DistanceJoint.obj) : warning LNK4204: 'C:\Users\tti12ssamut\Desktop\Repo\Orbital-DefenseRemade\UtH-EngineVS2013\VS2013\TemplateProject\Debug\vc120.pdb' is missing debugging information for referencing module; linking object as if no debug info
         TemplateProject.vcxproj -> C:\Users\tti12ssamut\Desktop\Repo\Orbital-DefenseRemade\UtH-EngineVS2013\VS2013\TemplateProject\Debug\TemplateProject.exe
     1>Done Building Project "C:\Users\tti12ssamut\Desktop\Repo\Orbital-DefenseRemade\UtH-EngineVS2013\VS2013\TemplateProject\TemplateProject.vcxproj" (Build target(s)).

Build succeeded.

Time Elapsed 00:00:03.91
